2025-07-10 14:21:21,907 - __main__ - INFO - 开始生成论文图表
2025-07-10 14:21:21,913 - src.visualization.data_process - INFO - 已加载单智能体实验数据，共 30 条记录
2025-07-10 14:21:21,915 - src.visualization.data_process - INFO - 已加载多智能体实验数据，共 30 条记录
2025-07-10 14:21:21,915 - __main__ - INFO - 生成图表1: 不同模型的偏见强度对比
2025-07-10 14:21:22,283 - __main__ - INFO - 生成图表2: 偏见随辩论轮次的演变
2025-07-10 14:21:22,291 - __main__ - ERROR - 生成论文图表出错: 'homogeneous'
2025-07-10 14:21:22,295 - __main__ - ERROR - Traceback (most recent call last):
  File "D:\MyProject\MAD-bias\scripts\generate_paper_figures.py", line 515, in main
    generator.generate_all_figures()
  File "D:\MyProject\MAD-bias\scripts\generate_paper_figures.py", line 474, in generate_all_figures
    self.figure2_bias_evolution_by_rounds()
  File "D:\MyProject\MAD-bias\scripts\generate_paper_figures.py", line 248, in figure2_bias_evolution_by_rounds
    homo_data = rounds_df[(rounds_df["homogeneous"] == homo) & (rounds_df["debate_rounds"] == 5)]
                           ~~~~~~~~~^^^^^^^^^^^^^^^
  File "D:\UsefulTools\anaconda3\Lib\site-packages\pandas\core\frame.py", line 4102, in __getitem__
    indexer = self.columns.get_loc(key)
              ^^^^^^^^^^^^^^^^^^^^^^^^^
  File "D:\UsefulTools\anaconda3\Lib\site-packages\pandas\core\indexes\range.py", line 417, in get_loc
    raise KeyError(key)
KeyError: 'homogeneous'

2025-07-10 14:28:21,460 - __main__ - INFO - 开始生成论文图表
2025-07-10 14:28:21,465 - src.visualization.data_process - INFO - 已加载单智能体实验数据，共 30 条记录
2025-07-10 14:28:21,466 - src.visualization.data_process - INFO - 已加载多智能体实验数据，共 30 条记录
2025-07-10 14:28:21,466 - __main__ - INFO - 生成图表1: 不同模型的偏见强度对比
2025-07-10 14:28:21,811 - __main__ - INFO - 生成图表2: 偏见随辩论轮次的演变
2025-07-10 14:28:21,816 - __main__ - ERROR - 生成论文图表出错: 'homogeneous'
2025-07-10 14:28:21,819 - __main__ - ERROR - Traceback (most recent call last):
  File "D:\MyProject\MAD-bias\scripts\generate_paper_figures.py", line 515, in main
    generator.generate_all_figures()
  File "D:\MyProject\MAD-bias\scripts\generate_paper_figures.py", line 474, in generate_all_figures
    self.figure2_bias_evolution_by_rounds()
  File "D:\MyProject\MAD-bias\scripts\generate_paper_figures.py", line 248, in figure2_bias_evolution_by_rounds
    homo_data = rounds_df[(rounds_df["homogeneous"] == homo) & (rounds_df["debate_rounds"] == 5)]
                           ~~~~~~~~~^^^^^^^^^^^^^^^
  File "D:\UsefulTools\anaconda3\Lib\site-packages\pandas\core\frame.py", line 4102, in __getitem__
    indexer = self.columns.get_loc(key)
              ^^^^^^^^^^^^^^^^^^^^^^^^^
  File "D:\UsefulTools\anaconda3\Lib\site-packages\pandas\core\indexes\range.py", line 417, in get_loc
    raise KeyError(key)
KeyError: 'homogeneous'

2025-07-10 14:30:52,105 - __main__ - INFO - 开始生成论文图表
2025-07-10 14:30:52,107 - __main__ - INFO - 使用模拟数据生成图表
2025-07-10 14:30:52,123 - __main__ - INFO - 生成图表1: 不同模型的偏见强度对比
2025-07-10 14:30:52,529 - __main__ - INFO - 图表1生成成功
2025-07-10 14:30:52,530 - __main__ - INFO - 生成图表2: 偏见随辩论轮次的演变
2025-07-10 14:30:52,821 - __main__ - INFO - 图表2生成成功
2025-07-10 14:30:52,822 - __main__ - INFO - 生成图表3: 智能体数量与偏见强度关系
2025-07-10 14:30:53,079 - __main__ - INFO - 图表3生成成功
2025-07-10 14:30:53,079 - __main__ - INFO - 生成图表4: 同质化vs异质化智能体组合对比
2025-07-10 14:30:53,379 - __main__ - INFO - 图表4生成成功
2025-07-10 14:30:53,380 - __main__ - INFO - 生成图表5: 语言特征与偏见强度的相关性
2025-07-10 14:30:53,653 - __main__ - INFO - 图表5生成成功
2025-07-10 14:30:53,654 - __main__ - INFO - 所有论文图表已生成，保存在 D:\MyProject\MAD-bias\data\processed\paper_figures
2025-07-10 14:30:53,655 - __main__ - INFO - 论文图表生成完成
